{"/Users/franklinakpu/Documents/react-native/RNDropBoxIntegration/App.tsx": {"path":"/Users/franklinakpu/Documents/react-native/RNDropBoxIntegration/App.tsx","statementMap":{"0":{"start":{"line":32,"column":22},"end":{"line":92,"column":2}},"1":{"start":{"line":35,"column":22},"end":{"line":35,"column":34}},"2":{"start":{"line":36,"column":27},"end":{"line":36,"column":54}},"3":{"start":{"line":38,"column":3},"end":{"line":43,"column":18}},"4":{"start":{"line":40,"column":5},"end":{"line":41,"column":124}},"5":{"start":{"line":46,"column":1},"end":{"line":49,"column":6}},"6":{"start":{"line":48,"column":2},"end":{"line":48,"column":14}},"7":{"start":{"line":52,"column":18},"end":{"line":70,"column":1}},"8":{"start":{"line":54,"column":14},"end":{"line":54,"column":58}},"9":{"start":{"line":55,"column":2},"end":{"line":55,"column":18}},"10":{"start":{"line":56,"column":2},"end":{"line":67,"column":3}},"11":{"start":{"line":58,"column":4},"end":{"line":58,"column":31}},"12":{"start":{"line":59,"column":4},"end":{"line":65,"column":7}},"13":{"start":{"line":61,"column":23},"end":{"line":61,"column":35}},"14":{"start":{"line":62,"column":25},"end":{"line":62,"column":76}},"15":{"start":{"line":63,"column":6},"end":{"line":63,"column":69}},"16":{"start":{"line":64,"column":6},"end":{"line":64,"column":28}},"17":{"start":{"line":77,"column":18},"end":{"line":77,"column":35}},"18":{"start":{"line":79,"column":3},"end":{"line":91,"column":4}}},"fnMap":{"0":{"name":"(anonymous_0)","decl":{"start":{"line":32,"column":22},"end":{"line":32,"column":23}},"loc":{"start":{"line":33,"column":1},"end":{"line":92,"column":2}},"line":33},"1":{"name":"(anonymous_1)","decl":{"start":{"line":38,"column":13},"end":{"line":38,"column":14}},"loc":{"start":{"line":39,"column":3},"end":{"line":42,"column":4}},"line":39},"2":{"name":"(anonymous_2)","decl":{"start":{"line":46,"column":11},"end":{"line":46,"column":12}},"loc":{"start":{"line":47,"column":1},"end":{"line":49,"column":2}},"line":47},"3":{"name":"(anonymous_3)","decl":{"start":{"line":52,"column":18},"end":{"line":52,"column":19}},"loc":{"start":{"line":53,"column":0},"end":{"line":70,"column":1}},"line":53},"4":{"name":"(anonymous_4)","decl":{"start":{"line":59,"column":36},"end":{"line":59,"column":37}},"loc":{"start":{"line":60,"column":4},"end":{"line":65,"column":5}},"line":60}},"branchMap":{"0":{"loc":{"start":{"line":40,"column":5},"end":{"line":41,"column":123}},"type":"cond-expr","locations":[{"start":{"line":41,"column":5},"end":{"line":41,"column":118}},{"start":{"line":41,"column":119},"end":{"line":41,"column":123}}],"line":40},"1":{"loc":{"start":{"line":56,"column":2},"end":{"line":67,"column":3}},"type":"if","locations":[{"start":{"line":56,"column":2},"end":{"line":67,"column":3}},{"start":{},"end":{}}],"line":56},"2":{"loc":{"start":{"line":84,"column":11},"end":{"line":85,"column":18}},"type":"binary-expr","locations":[{"start":{"line":84,"column":11},"end":{"line":84,"column":22}},{"start":{"line":85,"column":11},"end":{"line":85,"column":18}}],"line":84}},"s":{"0":2,"1":7,"2":7,"3":7,"4":3,"5":7,"6":3,"7":7,"8":3,"9":3,"10":3,"11":3,"12":3,"13":3,"14":3,"15":0,"16":0,"17":7,"18":7},"f":{"0":7,"1":3,"2":3,"3":3,"4":3},"b":{"0":[2,1],"1":[3,0],"2":[7,3]},"_coverageSchema":"1a1c01bbd47fc00a2c39e90264f33305004495a9","hash":"ab316d92cdca5533344a1ae9e5b6b19320cb7f8c"}
,"/Users/franklinakpu/Documents/react-native/RNDropBoxIntegration/jest/TestWrapper.tsx": {"path":"/Users/franklinakpu/Documents/react-native/RNDropBoxIntegration/jest/TestWrapper.tsx","statementMap":{"0":{"start":{"line":7,"column":29},"end":{"line":23,"column":1}},"1":{"start":{"line":9,"column":17},"end":{"line":16,"column":4}},"2":{"start":{"line":18,"column":1},"end":{"line":22,"column":3}}},"fnMap":{"0":{"name":"(anonymous_0)","decl":{"start":{"line":7,"column":29},"end":{"line":7,"column":30}},"loc":{"start":{"line":8,"column":0},"end":{"line":23,"column":1}},"line":8}},"branchMap":{},"s":{"0":1,"1":3,"2":3},"f":{"0":3},"b":{},"_coverageSchema":"1a1c01bbd47fc00a2c39e90264f33305004495a9","hash":"861c9550e226a49ed4b05c684eeba00f0644ff29"}
,"/Users/franklinakpu/Documents/react-native/RNDropBoxIntegration/src/constants.ts": {"path":"/Users/franklinakpu/Documents/react-native/RNDropBoxIntegration/src/constants.ts","statementMap":{"0":{"start":{"line":1,"column":28},"end":{"line":1,"column":57}},"1":{"start":{"line":2,"column":39},"end":{"line":2,"column":68}},"2":{"start":{"line":3,"column":25},"end":{"line":3,"column":42}},"3":{"start":{"line":4,"column":25},"end":{"line":4,"column":137}},"4":{"start":{"line":5,"column":33},"end":{"line":5,"column":66}},"5":{"start":{"line":6,"column":32},"end":{"line":6,"column":46}},"6":{"start":{"line":7,"column":30},"end":{"line":7,"column":32}},"7":{"start":{"line":8,"column":33},"end":{"line":8,"column":47}}},"fnMap":{},"branchMap":{},"s":{"0":2,"1":2,"2":2,"3":2,"4":2,"5":2,"6":2,"7":2},"f":{},"b":{},"_coverageSchema":"1a1c01bbd47fc00a2c39e90264f33305004495a9","hash":"1acd790b6e8b523cf27af1a6a46d6a4b64c74c85"}
,"/Users/franklinakpu/Documents/react-native/RNDropBoxIntegration/src/components/Button.tsx": {"path":"/Users/franklinakpu/Documents/react-native/RNDropBoxIntegration/src/components/Button.tsx","statementMap":{"0":{"start":{"line":12,"column":36},"end":{"line":39,"column":1}},"1":{"start":{"line":22,"column":2},"end":{"line":38,"column":3}}},"fnMap":{"0":{"name":"(anonymous_0)","decl":{"start":{"line":12,"column":36},"end":{"line":12,"column":37}},"loc":{"start":{"line":19,"column":0},"end":{"line":39,"column":1}},"line":19}},"branchMap":{},"s":{"0":2,"1":0},"f":{"0":0},"b":{},"_coverageSchema":"1a1c01bbd47fc00a2c39e90264f33305004495a9","hash":"35e84b1102b40fd20a030ddd51c2650c4a30e6a1"}
,"/Users/franklinakpu/Documents/react-native/RNDropBoxIntegration/src/components/ModalActivityIndicator.tsx": {"path":"/Users/franklinakpu/Documents/react-native/RNDropBoxIntegration/src/components/ModalActivityIndicator.tsx","statementMap":{"0":{"start":{"line":10,"column":69},"end":{"line":38,"column":1}},"1":{"start":{"line":12,"column":2},"end":{"line":37,"column":4}}},"fnMap":{"0":{"name":"(anonymous_0)","decl":{"start":{"line":10,"column":69},"end":{"line":10,"column":70}},"loc":{"start":{"line":11,"column":0},"end":{"line":38,"column":1}},"line":11}},"branchMap":{"0":{"loc":{"start":{"line":16,"column":16},"end":{"line":16,"column":48}},"type":"cond-expr","locations":[{"start":{"line":16,"column":32},"end":{"line":16,"column":38}},{"start":{"line":16,"column":41},"end":{"line":16,"column":48}}],"line":16},"1":{"loc":{"start":{"line":20,"column":14},"end":{"line":20,"column":40}},"type":"cond-expr","locations":[{"start":{"line":20,"column":30},"end":{"line":20,"column":36}},{"start":{"line":20,"column":39},"end":{"line":20,"column":40}}],"line":20},"2":{"loc":{"start":{"line":21,"column":15},"end":{"line":21,"column":41}},"type":"cond-expr","locations":[{"start":{"line":21,"column":31},"end":{"line":21,"column":37}},{"start":{"line":21,"column":40},"end":{"line":21,"column":41}}],"line":21},"3":{"loc":{"start":{"line":24,"column":8},"end":{"line":34,"column":15}},"type":"cond-expr","locations":[{"start":{"line":24,"column":25},"end":{"line":24,"column":29}},{"start":{"line":25,"column":8},"end":{"line":34,"column":15}}],"line":24},"4":{"loc":{"start":{"line":31,"column":22},"end":{"line":31,"column":55}},"type":"cond-expr","locations":[{"start":{"line":31,"column":35},"end":{"line":31,"column":45}},{"start":{"line":31,"column":48},"end":{"line":31,"column":55}}],"line":31},"5":{"loc":{"start":{"line":32,"column":23},"end":{"line":32,"column":58}},"type":"cond-expr","locations":[{"start":{"line":32,"column":37},"end":{"line":32,"column":48}},{"start":{"line":32,"column":51},"end":{"line":32,"column":58}}],"line":32}},"s":{"0":2,"1":3},"f":{"0":3},"b":{"0":[0,3],"1":[0,3],"2":[0,3],"3":[3,0],"4":[0,0],"5":[0,0]},"_coverageSchema":"1a1c01bbd47fc00a2c39e90264f33305004495a9","hash":"aa2d5183d034a397cc59763d429a0e30b8cd9acd"}
,"/Users/franklinakpu/Documents/react-native/RNDropBoxIntegration/src/components/styles.tsx": {"path":"/Users/franklinakpu/Documents/react-native/RNDropBoxIntegration/src/components/styles.tsx","statementMap":{"0":{"start":{"line":10,"column":36},"end":{"line":26,"column":2}}},"fnMap":{},"branchMap":{},"s":{"0":2},"f":{},"b":{},"_coverageSchema":"1a1c01bbd47fc00a2c39e90264f33305004495a9","hash":"c68b694bafc0466d7f11681a6c176894e847b96e"}
,"/Users/franklinakpu/Documents/react-native/RNDropBoxIntegration/src/http/apiSetup.ts": {"path":"/Users/franklinakpu/Documents/react-native/RNDropBoxIntegration/src/http/apiSetup.ts","statementMap":{"0":{"start":{"line":13,"column":28},"end":{"line":44,"column":1}},"1":{"start":{"line":15,"column":22},"end":{"line":15,"column":66}},"2":{"start":{"line":16,"column":3},"end":{"line":42,"column":10}},"3":{"start":{"line":32,"column":14},"end":{"line":32,"column":25}},"4":{"start":{"line":35,"column":11},"end":{"line":38,"column":12}},"5":{"start":{"line":37,"column":12},"end":{"line":37,"column":48}},"6":{"start":{"line":40,"column":12},"end":{"line":40,"column":79}},"7":{"start":{"line":41,"column":12},"end":{"line":41,"column":23}},"8":{"start":{"line":47,"column":40},"end":{"line":64,"column":3}},"9":{"start":{"line":49,"column":3},"end":{"line":63,"column":27}},"10":{"start":{"line":54,"column":6},"end":{"line":54,"column":30}},"11":{"start":{"line":60,"column":12},"end":{"line":60,"column":37}},"12":{"start":{"line":69,"column":33},"end":{"line":83,"column":1}},"13":{"start":{"line":72,"column":24},"end":{"line":72,"column":26}},"14":{"start":{"line":73,"column":4},"end":{"line":74,"column":23}},"15":{"start":{"line":75,"column":4},"end":{"line":81,"column":7}},"16":{"start":{"line":77,"column":23},"end":{"line":77,"column":35}},"17":{"start":{"line":78,"column":25},"end":{"line":78,"column":76}},"18":{"start":{"line":79,"column":5},"end":{"line":79,"column":68}},"19":{"start":{"line":80,"column":5},"end":{"line":80,"column":27}},"20":{"start":{"line":82,"column":2},"end":{"line":82,"column":17}},"21":{"start":{"line":89,"column":39},"end":{"line":118,"column":1}},"22":{"start":{"line":91,"column":14},"end":{"line":91,"column":33}},"23":{"start":{"line":92,"column":15},"end":{"line":92,"column":59}},"24":{"start":{"line":93,"column":29},"end":{"line":93,"column":73}},"25":{"start":{"line":94,"column":4},"end":{"line":94,"column":28}},"26":{"start":{"line":95,"column":4},"end":{"line":117,"column":6}},"27":{"start":{"line":105,"column":6},"end":{"line":105,"column":31}},"28":{"start":{"line":107,"column":6},"end":{"line":110,"column":7}},"29":{"start":{"line":109,"column":8},"end":{"line":109,"column":54}},"30":{"start":{"line":111,"column":7},"end":{"line":111,"column":80}},"31":{"start":{"line":115,"column":7},"end":{"line":115,"column":32}},"32":{"start":{"line":116,"column":7},"end":{"line":116,"column":81}},"33":{"start":{"line":123,"column":40},"end":{"line":140,"column":1}},"34":{"start":{"line":125,"column":3},"end":{"line":139,"column":27}},"35":{"start":{"line":130,"column":6},"end":{"line":130,"column":42}},"36":{"start":{"line":136,"column":12},"end":{"line":136,"column":37}}},"fnMap":{"0":{"name":"(anonymous_0)","decl":{"start":{"line":13,"column":28},"end":{"line":13,"column":29}},"loc":{"start":{"line":14,"column":0},"end":{"line":44,"column":1}},"line":14},"1":{"name":"(anonymous_1)","decl":{"start":{"line":30,"column":16},"end":{"line":30,"column":17}},"loc":{"start":{"line":31,"column":8},"end":{"line":33,"column":9}},"line":31},"2":{"name":"(anonymous_2)","decl":{"start":{"line":33,"column":17},"end":{"line":33,"column":18}},"loc":{"start":{"line":34,"column":8},"end":{"line":42,"column":9}},"line":34},"3":{"name":"(anonymous_3)","decl":{"start":{"line":47,"column":40},"end":{"line":47,"column":41}},"loc":{"start":{"line":48,"column":2},"end":{"line":64,"column":3}},"line":48},"4":{"name":"(anonymous_4)","decl":{"start":{"line":53,"column":13},"end":{"line":53,"column":14}},"loc":{"start":{"line":53,"column":23},"end":{"line":55,"column":6}},"line":53},"5":{"name":"(anonymous_5)","decl":{"start":{"line":59,"column":18},"end":{"line":59,"column":19}},"loc":{"start":{"line":59,"column":29},"end":{"line":61,"column":10}},"line":59},"6":{"name":"(anonymous_6)","decl":{"start":{"line":69,"column":33},"end":{"line":69,"column":34}},"loc":{"start":{"line":70,"column":0},"end":{"line":83,"column":1}},"line":70},"7":{"name":"(anonymous_7)","decl":{"start":{"line":75,"column":36},"end":{"line":75,"column":37}},"loc":{"start":{"line":76,"column":4},"end":{"line":81,"column":5}},"line":76},"8":{"name":"(anonymous_8)","decl":{"start":{"line":89,"column":39},"end":{"line":89,"column":40}},"loc":{"start":{"line":90,"column":0},"end":{"line":118,"column":1}},"line":90},"9":{"name":"(anonymous_9)","decl":{"start":{"line":103,"column":12},"end":{"line":103,"column":13}},"loc":{"start":{"line":104,"column":4},"end":{"line":113,"column":5}},"line":104},"10":{"name":"(anonymous_10)","decl":{"start":{"line":113,"column":14},"end":{"line":113,"column":15}},"loc":{"start":{"line":114,"column":4},"end":{"line":117,"column":5}},"line":114},"11":{"name":"(anonymous_11)","decl":{"start":{"line":123,"column":40},"end":{"line":123,"column":41}},"loc":{"start":{"line":124,"column":0},"end":{"line":140,"column":1}},"line":124},"12":{"name":"(anonymous_12)","decl":{"start":{"line":129,"column":13},"end":{"line":129,"column":14}},"loc":{"start":{"line":129,"column":23},"end":{"line":131,"column":6}},"line":129},"13":{"name":"(anonymous_13)","decl":{"start":{"line":135,"column":18},"end":{"line":135,"column":19}},"loc":{"start":{"line":135,"column":29},"end":{"line":137,"column":10}},"line":135}},"branchMap":{"0":{"loc":{"start":{"line":21,"column":9},"end":{"line":29,"column":13}},"type":"cond-expr","locations":[{"start":{"line":22,"column":9},"end":{"line":24,"column":10}},{"start":{"line":26,"column":9},"end":{"line":29,"column":13}}],"line":21},"1":{"loc":{"start":{"line":23,"column":38},"end":{"line":23,"column":87}},"type":"cond-expr","locations":[{"start":{"line":23,"column":54},"end":{"line":23,"column":77}},{"start":{"line":23,"column":79},"end":{"line":23,"column":87}}],"line":23},"2":{"loc":{"start":{"line":28,"column":41},"end":{"line":28,"column":88}},"type":"cond-expr","locations":[{"start":{"line":28,"column":56},"end":{"line":28,"column":79}},{"start":{"line":28,"column":80},"end":{"line":28,"column":88}}],"line":28},"3":{"loc":{"start":{"line":35,"column":11},"end":{"line":38,"column":12}},"type":"if","locations":[{"start":{"line":35,"column":11},"end":{"line":38,"column":12}},{"start":{},"end":{}}],"line":35},"4":{"loc":{"start":{"line":101,"column":35},"end":{"line":101,"column":78}},"type":"cond-expr","locations":[{"start":{"line":101,"column":48},"end":{"line":101,"column":71}},{"start":{"line":101,"column":73},"end":{"line":101,"column":78}}],"line":101},"5":{"loc":{"start":{"line":107,"column":6},"end":{"line":110,"column":7}},"type":"if","locations":[{"start":{"line":107,"column":6},"end":{"line":110,"column":7}},{"start":{},"end":{}}],"line":107}},"s":{"0":2,"1":3,"2":3,"3":0,"4":0,"5":0,"6":0,"7":0,"8":2,"9":0,"10":0,"11":0,"12":2,"13":0,"14":0,"15":0,"16":0,"17":0,"18":0,"19":0,"20":0,"21":2,"22":0,"23":0,"24":0,"25":0,"26":0,"27":0,"28":0,"29":0,"30":0,"31":0,"32":0,"33":2,"34":0,"35":0,"36":0},"f":{"0":3,"1":0,"2":0,"3":0,"4":0,"5":0,"6":0,"7":0,"8":0,"9":0,"10":0,"11":0,"12":0,"13":0},"b":{"0":[3,0],"1":[0,3],"2":[0,0],"3":[0,0],"4":[0,0],"5":[0,0]},"_coverageSchema":"1a1c01bbd47fc00a2c39e90264f33305004495a9","hash":"d12c500d78f8934afb5cb4b7c2cb02d231b90ec2"}
,"/Users/franklinakpu/Documents/react-native/RNDropBoxIntegration/src/screens/Main/Main.tsx": {"path":"/Users/franklinakpu/Documents/react-native/RNDropBoxIntegration/src/screens/Main/Main.tsx","statementMap":{"0":{"start":{"line":16,"column":26},"end":{"line":193,"column":1}},"1":{"start":{"line":19,"column":48},"end":{"line":28,"column":5}},"2":{"start":{"line":31,"column":59},"end":{"line":33,"column":6}},"3":{"start":{"line":35,"column":45},"end":{"line":35,"column":69}},"4":{"start":{"line":36,"column":43},"end":{"line":36,"column":67}},"5":{"start":{"line":37,"column":43},"end":{"line":37,"column":67}},"6":{"start":{"line":38,"column":61},"end":{"line":38,"column":85}},"7":{"start":{"line":41,"column":4},"end":{"line":47,"column":21}},"8":{"start":{"line":44,"column":8},"end":{"line":44,"column":82}},"9":{"start":{"line":44,"column":46},"end":{"line":44,"column":81}},"10":{"start":{"line":50,"column":33},"end":{"line":58,"column":5}},"11":{"start":{"line":52,"column":32},"end":{"line":56,"column":6}},"12":{"start":{"line":57,"column":5},"end":{"line":57,"column":36}},"13":{"start":{"line":60,"column":37},"end":{"line":68,"column":6}},"14":{"start":{"line":62,"column":33},"end":{"line":66,"column":5}},"15":{"start":{"line":67,"column":7},"end":{"line":67,"column":38}},"16":{"start":{"line":70,"column":33},"end":{"line":70,"column":81}},"17":{"start":{"line":72,"column":39},"end":{"line":72,"column":90}},"18":{"start":{"line":75,"column":3},"end":{"line":87,"column":34}},"19":{"start":{"line":76,"column":5},"end":{"line":84,"column":6}},"20":{"start":{"line":78,"column":6},"end":{"line":82,"column":7}},"21":{"start":{"line":80,"column":8},"end":{"line":80,"column":60}},"22":{"start":{"line":81,"column":8},"end":{"line":81,"column":101}},"23":{"start":{"line":90,"column":2},"end":{"line":101,"column":37}},"24":{"start":{"line":91,"column":1},"end":{"line":98,"column":2}},"25":{"start":{"line":93,"column":2},"end":{"line":97,"column":3}},"26":{"start":{"line":95,"column":4},"end":{"line":95,"column":60}},"27":{"start":{"line":96,"column":4},"end":{"line":96,"column":101}},"28":{"start":{"line":106,"column":25},"end":{"line":112,"column":2}},"29":{"start":{"line":108,"column":3},"end":{"line":111,"column":4}},"30":{"start":{"line":110,"column":4},"end":{"line":110,"column":34}},"31":{"start":{"line":118,"column":28},"end":{"line":127,"column":2}},"32":{"start":{"line":120,"column":30},"end":{"line":125,"column":4}},"33":{"start":{"line":126,"column":4},"end":{"line":126,"column":46}},"34":{"start":{"line":130,"column":28},"end":{"line":138,"column":2}},"35":{"start":{"line":132,"column":1},"end":{"line":137,"column":9}},"36":{"start":{"line":142,"column":21},"end":{"line":148,"column":2}},"37":{"start":{"line":144,"column":2},"end":{"line":144,"column":24}},"38":{"start":{"line":145,"column":3},"end":{"line":145,"column":24}},"39":{"start":{"line":146,"column":3},"end":{"line":146,"column":29}},"40":{"start":{"line":147,"column":3},"end":{"line":147,"column":26}},"41":{"start":{"line":152,"column":4},"end":{"line":154,"column":9}},"42":{"start":{"line":153,"column":6},"end":{"line":153,"column":32}},"43":{"start":{"line":156,"column":4},"end":{"line":192,"column":6}},"44":{"start":{"line":168,"column":31},"end":{"line":168,"column":44}},"45":{"start":{"line":170,"column":48},"end":{"line":170,"column":64}},"46":{"start":{"line":176,"column":17},"end":{"line":179,"column":20}},"47":{"start":{"line":181,"column":42},"end":{"line":181,"column":65}},"48":{"start":{"line":183,"column":41},"end":{"line":183,"column":61}}},"fnMap":{"0":{"name":"(anonymous_0)","decl":{"start":{"line":16,"column":26},"end":{"line":16,"column":27}},"loc":{"start":{"line":17,"column":0},"end":{"line":193,"column":1}},"line":17},"1":{"name":"(anonymous_1)","decl":{"start":{"line":41,"column":14},"end":{"line":41,"column":15}},"loc":{"start":{"line":42,"column":4},"end":{"line":47,"column":5}},"line":42},"2":{"name":"(anonymous_2)","decl":{"start":{"line":44,"column":25},"end":{"line":44,"column":26}},"loc":{"start":{"line":44,"column":46},"end":{"line":44,"column":81}},"line":44},"3":{"name":"(anonymous_3)","decl":{"start":{"line":50,"column":33},"end":{"line":50,"column":34}},"loc":{"start":{"line":51,"column":4},"end":{"line":58,"column":5}},"line":51},"4":{"name":"(anonymous_4)","decl":{"start":{"line":60,"column":37},"end":{"line":60,"column":38}},"loc":{"start":{"line":61,"column":5},"end":{"line":68,"column":6}},"line":61},"5":{"name":"(anonymous_5)","decl":{"start":{"line":75,"column":13},"end":{"line":75,"column":14}},"loc":{"start":{"line":75,"column":17},"end":{"line":87,"column":4}},"line":75},"6":{"name":"(anonymous_6)","decl":{"start":{"line":90,"column":12},"end":{"line":90,"column":13}},"loc":{"start":{"line":90,"column":16},"end":{"line":101,"column":3}},"line":90},"7":{"name":"(anonymous_7)","decl":{"start":{"line":106,"column":25},"end":{"line":106,"column":26}},"loc":{"start":{"line":107,"column":1},"end":{"line":112,"column":2}},"line":107},"8":{"name":"(anonymous_8)","decl":{"start":{"line":118,"column":28},"end":{"line":118,"column":29}},"loc":{"start":{"line":119,"column":1},"end":{"line":127,"column":2}},"line":119},"9":{"name":"(anonymous_9)","decl":{"start":{"line":130,"column":28},"end":{"line":130,"column":29}},"loc":{"start":{"line":131,"column":1},"end":{"line":138,"column":2}},"line":131},"10":{"name":"(anonymous_10)","decl":{"start":{"line":142,"column":21},"end":{"line":142,"column":22}},"loc":{"start":{"line":143,"column":1},"end":{"line":148,"column":2}},"line":143},"11":{"name":"(anonymous_11)","decl":{"start":{"line":152,"column":14},"end":{"line":152,"column":15}},"loc":{"start":{"line":152,"column":18},"end":{"line":154,"column":5}},"line":152},"12":{"name":"(anonymous_12)","decl":{"start":{"line":168,"column":26},"end":{"line":168,"column":27}},"loc":{"start":{"line":168,"column":31},"end":{"line":168,"column":44}},"line":168},"13":{"name":"(anonymous_13)","decl":{"start":{"line":170,"column":31},"end":{"line":170,"column":32}},"loc":{"start":{"line":170,"column":48},"end":{"line":170,"column":64}},"line":170},"14":{"name":"(anonymous_14)","decl":{"start":{"line":175,"column":29},"end":{"line":175,"column":30}},"loc":{"start":{"line":176,"column":17},"end":{"line":179,"column":20}},"line":176},"15":{"name":"(anonymous_15)","decl":{"start":{"line":181,"column":31},"end":{"line":181,"column":32}},"loc":{"start":{"line":181,"column":42},"end":{"line":181,"column":65}},"line":181},"16":{"name":"(anonymous_16)","decl":{"start":{"line":183,"column":37},"end":{"line":183,"column":38}},"loc":{"start":{"line":183,"column":41},"end":{"line":183,"column":61}},"line":183}},"branchMap":{"0":{"loc":{"start":{"line":76,"column":5},"end":{"line":84,"column":6}},"type":"if","locations":[{"start":{"line":76,"column":5},"end":{"line":84,"column":6}},{"start":{},"end":{}}],"line":76},"1":{"loc":{"start":{"line":78,"column":6},"end":{"line":82,"column":7}},"type":"if","locations":[{"start":{"line":78,"column":6},"end":{"line":82,"column":7}},{"start":{},"end":{}}],"line":78},"2":{"loc":{"start":{"line":91,"column":1},"end":{"line":98,"column":2}},"type":"if","locations":[{"start":{"line":91,"column":1},"end":{"line":98,"column":2}},{"start":{},"end":{}}],"line":91},"3":{"loc":{"start":{"line":93,"column":2},"end":{"line":97,"column":3}},"type":"if","locations":[{"start":{"line":93,"column":2},"end":{"line":97,"column":3}},{"start":{},"end":{}}],"line":93},"4":{"loc":{"start":{"line":108,"column":3},"end":{"line":111,"column":4}},"type":"if","locations":[{"start":{"line":108,"column":3},"end":{"line":111,"column":4}},{"start":{},"end":{}}],"line":108},"5":{"loc":{"start":{"line":132,"column":8},"end":{"line":137,"column":8}},"type":"cond-expr","locations":[{"start":{"line":133,"column":2},"end":{"line":136,"column":9}},{"start":{"line":137,"column":4},"end":{"line":137,"column":8}}],"line":132},"6":{"loc":{"start":{"line":160,"column":9},"end":{"line":187,"column":11}},"type":"cond-expr","locations":[{"start":{"line":161,"column":9},"end":{"line":163,"column":16}},{"start":{"line":165,"column":9},"end":{"line":187,"column":11}}],"line":160}},"s":{"0":2,"1":9,"2":9,"3":9,"4":9,"5":9,"6":9,"7":9,"8":3,"9":3,"10":9,"11":3,"12":3,"13":9,"14":0,"15":0,"16":9,"17":9,"18":9,"19":3,"20":0,"21":0,"22":0,"23":9,"24":3,"25":0,"26":0,"27":0,"28":9,"29":0,"30":0,"31":9,"32":0,"33":0,"34":9,"35":3,"36":9,"37":0,"38":0,"39":0,"40":0,"41":9,"42":3,"43":9,"44":0,"45":0,"46":0,"47":0,"48":3},"f":{"0":9,"1":3,"2":3,"3":3,"4":0,"5":3,"6":3,"7":0,"8":0,"9":3,"10":0,"11":3,"12":0,"13":0,"14":0,"15":0,"16":3},"b":{"0":[0,3],"1":[0,0],"2":[0,3],"3":[0,0],"4":[0,0],"5":[0,3],"6":[6,3]},"_coverageSchema":"1a1c01bbd47fc00a2c39e90264f33305004495a9","hash":"3f48446c9fb2df3f879d703c97ad6b75a139390c"}
,"/Users/franklinakpu/Documents/react-native/RNDropBoxIntegration/src/screens/Main/index.ts": {"path":"/Users/franklinakpu/Documents/react-native/RNDropBoxIntegration/src/screens/Main/index.ts","statementMap":{},"fnMap":{},"branchMap":{},"s":{},"f":{},"b":{},"_coverageSchema":"1a1c01bbd47fc00a2c39e90264f33305004495a9","hash":"07757612b7a132075e7e7b0a47c017fb2b6798ec"}
,"/Users/franklinakpu/Documents/react-native/RNDropBoxIntegration/src/screens/Main/styles.tsx": {"path":"/Users/franklinakpu/Documents/react-native/RNDropBoxIntegration/src/screens/Main/styles.tsx","statementMap":{"0":{"start":{"line":11,"column":36},"end":{"line":23,"column":2}}},"fnMap":{},"branchMap":{},"s":{"0":2},"f":{},"b":{},"_coverageSchema":"1a1c01bbd47fc00a2c39e90264f33305004495a9","hash":"d95c7e5581d7526c42388ce5ef84e14dd4d93610"}
,"/Users/franklinakpu/Documents/react-native/RNDropBoxIntegration/src/screens/Main/childcomponents/ImageList.tsx": {"path":"/Users/franklinakpu/Documents/react-native/RNDropBoxIntegration/src/screens/Main/childcomponents/ImageList.tsx","statementMap":{"0":{"start":{"line":6,"column":42},"end":{"line":25,"column":1}},"1":{"start":{"line":8,"column":1},"end":{"line":24,"column":3}},"2":{"start":{"line":18,"column":15},"end":{"line":18,"column":60}}},"fnMap":{"0":{"name":"(anonymous_0)","decl":{"start":{"line":6,"column":42},"end":{"line":6,"column":43}},"loc":{"start":{"line":7,"column":0},"end":{"line":25,"column":1}},"line":7},"1":{"name":"(anonymous_1)","decl":{"start":{"line":18,"column":11},"end":{"line":18,"column":12}},"loc":{"start":{"line":18,"column":15},"end":{"line":18,"column":60}},"line":18}},"branchMap":{},"s":{"0":2,"1":0,"2":0},"f":{"0":0,"1":0},"b":{},"_coverageSchema":"1a1c01bbd47fc00a2c39e90264f33305004495a9","hash":"89d923526872572701d693eb3df30b3ace07eaa8"}
,"/Users/franklinakpu/Documents/react-native/RNDropBoxIntegration/src/theme/colors.ts": {"path":"/Users/franklinakpu/Documents/react-native/RNDropBoxIntegration/src/theme/colors.ts","statementMap":{"0":{"start":{"line":1,"column":22},"end":{"line":8,"column":2}}},"fnMap":{},"branchMap":{},"s":{"0":2},"f":{},"b":{},"_coverageSchema":"1a1c01bbd47fc00a2c39e90264f33305004495a9","hash":"00ce78952ee1958274083c163bc36e397541b4cd"}
}
