{"/Users/franklinakpu/Documents/react-native/RNDropBoxIntegration/App.tsx": {"path":"/Users/franklinakpu/Documents/react-native/RNDropBoxIntegration/App.tsx","statementMap":{"0":{"start":{"line":32,"column":22},"end":{"line":92,"column":2}},"1":{"start":{"line":35,"column":22},"end":{"line":35,"column":34}},"2":{"start":{"line":36,"column":27},"end":{"line":36,"column":54}},"3":{"start":{"line":38,"column":3},"end":{"line":43,"column":18}},"4":{"start":{"line":40,"column":5},"end":{"line":41,"column":124}},"5":{"start":{"line":46,"column":1},"end":{"line":49,"column":6}},"6":{"start":{"line":48,"column":2},"end":{"line":48,"column":14}},"7":{"start":{"line":52,"column":18},"end":{"line":70,"column":1}},"8":{"start":{"line":54,"column":14},"end":{"line":54,"column":58}},"9":{"start":{"line":55,"column":2},"end":{"line":55,"column":18}},"10":{"start":{"line":56,"column":2},"end":{"line":67,"column":3}},"11":{"start":{"line":58,"column":4},"end":{"line":58,"column":31}},"12":{"start":{"line":59,"column":4},"end":{"line":65,"column":7}},"13":{"start":{"line":61,"column":23},"end":{"line":61,"column":35}},"14":{"start":{"line":62,"column":25},"end":{"line":62,"column":76}},"15":{"start":{"line":63,"column":6},"end":{"line":63,"column":69}},"16":{"start":{"line":64,"column":6},"end":{"line":64,"column":28}},"17":{"start":{"line":77,"column":18},"end":{"line":77,"column":35}},"18":{"start":{"line":79,"column":3},"end":{"line":91,"column":4}}},"fnMap":{"0":{"name":"(anonymous_0)","decl":{"start":{"line":32,"column":22},"end":{"line":32,"column":23}},"loc":{"start":{"line":33,"column":1},"end":{"line":92,"column":2}},"line":33},"1":{"name":"(anonymous_1)","decl":{"start":{"line":38,"column":13},"end":{"line":38,"column":14}},"loc":{"start":{"line":39,"column":3},"end":{"line":42,"column":4}},"line":39},"2":{"name":"(anonymous_2)","decl":{"start":{"line":46,"column":11},"end":{"line":46,"column":12}},"loc":{"start":{"line":47,"column":1},"end":{"line":49,"column":2}},"line":47},"3":{"name":"(anonymous_3)","decl":{"start":{"line":52,"column":18},"end":{"line":52,"column":19}},"loc":{"start":{"line":53,"column":0},"end":{"line":70,"column":1}},"line":53},"4":{"name":"(anonymous_4)","decl":{"start":{"line":59,"column":36},"end":{"line":59,"column":37}},"loc":{"start":{"line":60,"column":4},"end":{"line":65,"column":5}},"line":60}},"branchMap":{"0":{"loc":{"start":{"line":40,"column":5},"end":{"line":41,"column":123}},"type":"cond-expr","locations":[{"start":{"line":41,"column":5},"end":{"line":41,"column":118}},{"start":{"line":41,"column":119},"end":{"line":41,"column":123}}],"line":40},"1":{"loc":{"start":{"line":56,"column":2},"end":{"line":67,"column":3}},"type":"if","locations":[{"start":{"line":56,"column":2},"end":{"line":67,"column":3}},{"start":{},"end":{}}],"line":56},"2":{"loc":{"start":{"line":84,"column":11},"end":{"line":85,"column":18}},"type":"binary-expr","locations":[{"start":{"line":84,"column":11},"end":{"line":84,"column":22}},{"start":{"line":85,"column":11},"end":{"line":85,"column":18}}],"line":84}},"s":{"0":2,"1":10,"2":10,"3":10,"4":3,"5":10,"6":3,"7":10,"8":3,"9":3,"10":3,"11":3,"12":3,"13":3,"14":3,"15":3,"16":3,"17":10,"18":10},"f":{"0":10,"1":3,"2":3,"3":3,"4":3},"b":{"0":[2,1],"1":[3,0],"2":[10,6]},"_coverageSchema":"1a1c01bbd47fc00a2c39e90264f33305004495a9","hash":"ab316d92cdca5533344a1ae9e5b6b19320cb7f8c"}
,"/Users/franklinakpu/Documents/react-native/RNDropBoxIntegration/jest/TestWrapper.tsx": {"path":"/Users/franklinakpu/Documents/react-native/RNDropBoxIntegration/jest/TestWrapper.tsx","statementMap":{"0":{"start":{"line":7,"column":29},"end":{"line":23,"column":1}},"1":{"start":{"line":9,"column":17},"end":{"line":16,"column":4}},"2":{"start":{"line":18,"column":1},"end":{"line":22,"column":3}}},"fnMap":{"0":{"name":"(anonymous_0)","decl":{"start":{"line":7,"column":29},"end":{"line":7,"column":30}},"loc":{"start":{"line":8,"column":0},"end":{"line":23,"column":1}},"line":8}},"branchMap":{},"s":{"0":2,"1":9,"2":9},"f":{"0":9},"b":{},"_coverageSchema":"1a1c01bbd47fc00a2c39e90264f33305004495a9","hash":"861c9550e226a49ed4b05c684eeba00f0644ff29"}
,"/Users/franklinakpu/Documents/react-native/RNDropBoxIntegration/src/constants.ts": {"path":"/Users/franklinakpu/Documents/react-native/RNDropBoxIntegration/src/constants.ts","statementMap":{"0":{"start":{"line":1,"column":28},"end":{"line":1,"column":57}},"1":{"start":{"line":2,"column":39},"end":{"line":2,"column":68}},"2":{"start":{"line":3,"column":25},"end":{"line":3,"column":42}},"3":{"start":{"line":4,"column":25},"end":{"line":4,"column":137}},"4":{"start":{"line":5,"column":33},"end":{"line":5,"column":66}},"5":{"start":{"line":6,"column":32},"end":{"line":6,"column":46}},"6":{"start":{"line":7,"column":30},"end":{"line":7,"column":32}},"7":{"start":{"line":8,"column":33},"end":{"line":8,"column":47}}},"fnMap":{},"branchMap":{},"s":{"0":3,"1":3,"2":3,"3":3,"4":3,"5":3,"6":3,"7":3},"f":{},"b":{},"_coverageSchema":"1a1c01bbd47fc00a2c39e90264f33305004495a9","hash":"1acd790b6e8b523cf27af1a6a46d6a4b64c74c85"}
,"/Users/franklinakpu/Documents/react-native/RNDropBoxIntegration/src/components/Button.tsx": {"path":"/Users/franklinakpu/Documents/react-native/RNDropBoxIntegration/src/components/Button.tsx","statementMap":{"0":{"start":{"line":12,"column":36},"end":{"line":39,"column":1}},"1":{"start":{"line":22,"column":2},"end":{"line":38,"column":3}}},"fnMap":{"0":{"name":"(anonymous_0)","decl":{"start":{"line":12,"column":36},"end":{"line":12,"column":37}},"loc":{"start":{"line":19,"column":0},"end":{"line":39,"column":1}},"line":19}},"branchMap":{},"s":{"0":3,"1":240},"f":{"0":240},"b":{},"_coverageSchema":"1a1c01bbd47fc00a2c39e90264f33305004495a9","hash":"35e84b1102b40fd20a030ddd51c2650c4a30e6a1"}
,"/Users/franklinakpu/Documents/react-native/RNDropBoxIntegration/src/components/ModalActivityIndicator.tsx": {"path":"/Users/franklinakpu/Documents/react-native/RNDropBoxIntegration/src/components/ModalActivityIndicator.tsx","statementMap":{"0":{"start":{"line":10,"column":69},"end":{"line":40,"column":1}},"1":{"start":{"line":12,"column":2},"end":{"line":39,"column":4}}},"fnMap":{"0":{"name":"(anonymous_0)","decl":{"start":{"line":10,"column":69},"end":{"line":10,"column":70}},"loc":{"start":{"line":11,"column":0},"end":{"line":40,"column":1}},"line":11}},"branchMap":{"0":{"loc":{"start":{"line":16,"column":16},"end":{"line":16,"column":48}},"type":"cond-expr","locations":[{"start":{"line":16,"column":32},"end":{"line":16,"column":38}},{"start":{"line":16,"column":41},"end":{"line":16,"column":48}}],"line":16},"1":{"loc":{"start":{"line":20,"column":14},"end":{"line":20,"column":40}},"type":"cond-expr","locations":[{"start":{"line":20,"column":30},"end":{"line":20,"column":36}},{"start":{"line":20,"column":39},"end":{"line":20,"column":40}}],"line":20},"2":{"loc":{"start":{"line":21,"column":15},"end":{"line":21,"column":41}},"type":"cond-expr","locations":[{"start":{"line":21,"column":31},"end":{"line":21,"column":37}},{"start":{"line":21,"column":40},"end":{"line":21,"column":41}}],"line":21},"3":{"loc":{"start":{"line":26,"column":8},"end":{"line":36,"column":15}},"type":"cond-expr","locations":[{"start":{"line":26,"column":25},"end":{"line":26,"column":29}},{"start":{"line":27,"column":8},"end":{"line":36,"column":15}}],"line":26},"4":{"loc":{"start":{"line":33,"column":22},"end":{"line":33,"column":55}},"type":"cond-expr","locations":[{"start":{"line":33,"column":35},"end":{"line":33,"column":45}},{"start":{"line":33,"column":48},"end":{"line":33,"column":55}}],"line":33},"5":{"loc":{"start":{"line":34,"column":23},"end":{"line":34,"column":58}},"type":"cond-expr","locations":[{"start":{"line":34,"column":37},"end":{"line":34,"column":48}},{"start":{"line":34,"column":51},"end":{"line":34,"column":58}}],"line":34}},"s":{"0":3,"1":24},"f":{"0":24},"b":{"0":[2,22],"1":[2,22],"2":[2,22],"3":[22,2],"4":[0,2],"5":[0,2]},"_coverageSchema":"1a1c01bbd47fc00a2c39e90264f33305004495a9","hash":"47c59658205630c35cc4ce4d0b46aa214e17d543"}
,"/Users/franklinakpu/Documents/react-native/RNDropBoxIntegration/src/components/styles.tsx": {"path":"/Users/franklinakpu/Documents/react-native/RNDropBoxIntegration/src/components/styles.tsx","statementMap":{"0":{"start":{"line":10,"column":36},"end":{"line":26,"column":2}}},"fnMap":{},"branchMap":{},"s":{"0":3},"f":{},"b":{},"_coverageSchema":"1a1c01bbd47fc00a2c39e90264f33305004495a9","hash":"c68b694bafc0466d7f11681a6c176894e847b96e"}
,"/Users/franklinakpu/Documents/react-native/RNDropBoxIntegration/src/http/apiSetup.ts": {"path":"/Users/franklinakpu/Documents/react-native/RNDropBoxIntegration/src/http/apiSetup.ts","statementMap":{"0":{"start":{"line":13,"column":28},"end":{"line":39,"column":1}},"1":{"start":{"line":15,"column":22},"end":{"line":15,"column":66}},"2":{"start":{"line":16,"column":3},"end":{"line":37,"column":10}},"3":{"start":{"line":26,"column":11},"end":{"line":26,"column":42}},"4":{"start":{"line":27,"column":14},"end":{"line":27,"column":25}},"5":{"start":{"line":30,"column":11},"end":{"line":33,"column":12}},"6":{"start":{"line":32,"column":12},"end":{"line":32,"column":48}},"7":{"start":{"line":35,"column":12},"end":{"line":35,"column":79}},"8":{"start":{"line":36,"column":12},"end":{"line":36,"column":23}},"9":{"start":{"line":42,"column":40},"end":{"line":59,"column":3}},"10":{"start":{"line":44,"column":3},"end":{"line":58,"column":27}},"11":{"start":{"line":49,"column":6},"end":{"line":49,"column":30}},"12":{"start":{"line":55,"column":12},"end":{"line":55,"column":37}},"13":{"start":{"line":64,"column":33},"end":{"line":78,"column":1}},"14":{"start":{"line":67,"column":24},"end":{"line":67,"column":26}},"15":{"start":{"line":68,"column":4},"end":{"line":69,"column":23}},"16":{"start":{"line":70,"column":4},"end":{"line":76,"column":7}},"17":{"start":{"line":72,"column":23},"end":{"line":72,"column":35}},"18":{"start":{"line":73,"column":25},"end":{"line":73,"column":76}},"19":{"start":{"line":74,"column":5},"end":{"line":74,"column":68}},"20":{"start":{"line":75,"column":5},"end":{"line":75,"column":27}},"21":{"start":{"line":77,"column":2},"end":{"line":77,"column":17}},"22":{"start":{"line":84,"column":39},"end":{"line":113,"column":1}},"23":{"start":{"line":86,"column":14},"end":{"line":86,"column":33}},"24":{"start":{"line":87,"column":15},"end":{"line":87,"column":59}},"25":{"start":{"line":88,"column":29},"end":{"line":88,"column":73}},"26":{"start":{"line":89,"column":4},"end":{"line":89,"column":28}},"27":{"start":{"line":90,"column":4},"end":{"line":112,"column":6}},"28":{"start":{"line":100,"column":6},"end":{"line":100,"column":31}},"29":{"start":{"line":102,"column":6},"end":{"line":105,"column":7}},"30":{"start":{"line":104,"column":8},"end":{"line":104,"column":54}},"31":{"start":{"line":106,"column":7},"end":{"line":106,"column":80}},"32":{"start":{"line":110,"column":7},"end":{"line":110,"column":32}},"33":{"start":{"line":111,"column":7},"end":{"line":111,"column":81}},"34":{"start":{"line":118,"column":40},"end":{"line":135,"column":1}},"35":{"start":{"line":120,"column":3},"end":{"line":134,"column":27}},"36":{"start":{"line":125,"column":6},"end":{"line":125,"column":42}},"37":{"start":{"line":131,"column":12},"end":{"line":131,"column":37}}},"fnMap":{"0":{"name":"(anonymous_0)","decl":{"start":{"line":13,"column":28},"end":{"line":13,"column":29}},"loc":{"start":{"line":14,"column":0},"end":{"line":39,"column":1}},"line":14},"1":{"name":"(anonymous_1)","decl":{"start":{"line":24,"column":16},"end":{"line":24,"column":17}},"loc":{"start":{"line":25,"column":8},"end":{"line":28,"column":9}},"line":25},"2":{"name":"(anonymous_2)","decl":{"start":{"line":28,"column":17},"end":{"line":28,"column":18}},"loc":{"start":{"line":29,"column":8},"end":{"line":37,"column":9}},"line":29},"3":{"name":"(anonymous_3)","decl":{"start":{"line":42,"column":40},"end":{"line":42,"column":41}},"loc":{"start":{"line":43,"column":2},"end":{"line":59,"column":3}},"line":43},"4":{"name":"(anonymous_4)","decl":{"start":{"line":48,"column":13},"end":{"line":48,"column":14}},"loc":{"start":{"line":48,"column":23},"end":{"line":50,"column":6}},"line":48},"5":{"name":"(anonymous_5)","decl":{"start":{"line":54,"column":18},"end":{"line":54,"column":19}},"loc":{"start":{"line":54,"column":29},"end":{"line":56,"column":10}},"line":54},"6":{"name":"(anonymous_6)","decl":{"start":{"line":64,"column":33},"end":{"line":64,"column":34}},"loc":{"start":{"line":65,"column":0},"end":{"line":78,"column":1}},"line":65},"7":{"name":"(anonymous_7)","decl":{"start":{"line":70,"column":36},"end":{"line":70,"column":37}},"loc":{"start":{"line":71,"column":4},"end":{"line":76,"column":5}},"line":71},"8":{"name":"(anonymous_8)","decl":{"start":{"line":84,"column":39},"end":{"line":84,"column":40}},"loc":{"start":{"line":85,"column":0},"end":{"line":113,"column":1}},"line":85},"9":{"name":"(anonymous_9)","decl":{"start":{"line":98,"column":12},"end":{"line":98,"column":13}},"loc":{"start":{"line":99,"column":4},"end":{"line":108,"column":5}},"line":99},"10":{"name":"(anonymous_10)","decl":{"start":{"line":108,"column":14},"end":{"line":108,"column":15}},"loc":{"start":{"line":109,"column":4},"end":{"line":112,"column":5}},"line":109},"11":{"name":"(anonymous_11)","decl":{"start":{"line":118,"column":40},"end":{"line":118,"column":41}},"loc":{"start":{"line":119,"column":0},"end":{"line":135,"column":1}},"line":119},"12":{"name":"(anonymous_12)","decl":{"start":{"line":124,"column":13},"end":{"line":124,"column":14}},"loc":{"start":{"line":124,"column":23},"end":{"line":126,"column":6}},"line":124},"13":{"name":"(anonymous_13)","decl":{"start":{"line":130,"column":18},"end":{"line":130,"column":19}},"loc":{"start":{"line":130,"column":29},"end":{"line":132,"column":10}},"line":130}},"branchMap":{"0":{"loc":{"start":{"line":22,"column":38},"end":{"line":22,"column":87}},"type":"cond-expr","locations":[{"start":{"line":22,"column":54},"end":{"line":22,"column":77}},{"start":{"line":22,"column":79},"end":{"line":22,"column":87}}],"line":22},"1":{"loc":{"start":{"line":30,"column":11},"end":{"line":33,"column":12}},"type":"if","locations":[{"start":{"line":30,"column":11},"end":{"line":33,"column":12}},{"start":{},"end":{}}],"line":30},"2":{"loc":{"start":{"line":96,"column":35},"end":{"line":96,"column":78}},"type":"cond-expr","locations":[{"start":{"line":96,"column":48},"end":{"line":96,"column":71}},{"start":{"line":96,"column":73},"end":{"line":96,"column":78}}],"line":96},"3":{"loc":{"start":{"line":102,"column":6},"end":{"line":105,"column":7}},"type":"if","locations":[{"start":{"line":102,"column":6},"end":{"line":105,"column":7}},{"start":{},"end":{}}],"line":102}},"s":{"0":3,"1":12,"2":12,"3":5,"4":5,"5":1,"6":1,"7":1,"8":1,"9":3,"10":1,"11":1,"12":1,"13":3,"14":1,"15":1,"16":1,"17":1,"18":1,"19":1,"20":1,"21":1,"22":3,"23":2,"24":2,"25":2,"26":2,"27":2,"28":2,"29":2,"30":0,"31":0,"32":2,"33":2,"34":3,"35":0,"36":0,"37":0},"f":{"0":12,"1":5,"2":1,"3":1,"4":1,"5":1,"6":1,"7":1,"8":2,"9":2,"10":2,"11":0,"12":0,"13":0},"b":{"0":[9,3],"1":[1,0],"2":[2,0],"3":[0,0]},"_coverageSchema":"1a1c01bbd47fc00a2c39e90264f33305004495a9","hash":"a29b195efe31e879e77bc35b99bfd7e3781d002d"}
,"/Users/franklinakpu/Documents/react-native/RNDropBoxIntegration/src/screens/Main/Main.tsx": {"path":"/Users/franklinakpu/Documents/react-native/RNDropBoxIntegration/src/screens/Main/Main.tsx","statementMap":{"0":{"start":{"line":16,"column":26},"end":{"line":194,"column":1}},"1":{"start":{"line":19,"column":48},"end":{"line":28,"column":5}},"2":{"start":{"line":31,"column":59},"end":{"line":33,"column":6}},"3":{"start":{"line":35,"column":45},"end":{"line":35,"column":69}},"4":{"start":{"line":36,"column":43},"end":{"line":36,"column":67}},"5":{"start":{"line":37,"column":43},"end":{"line":37,"column":60}},"6":{"start":{"line":38,"column":61},"end":{"line":38,"column":85}},"7":{"start":{"line":41,"column":4},"end":{"line":51,"column":21}},"8":{"start":{"line":43,"column":6},"end":{"line":43,"column":32}},"9":{"start":{"line":44,"column":6},"end":{"line":48,"column":7}},"10":{"start":{"line":46,"column":8},"end":{"line":46,"column":92}},"11":{"start":{"line":46,"column":46},"end":{"line":46,"column":90}},"12":{"start":{"line":47,"column":8},"end":{"line":47,"column":88}},"13":{"start":{"line":54,"column":33},"end":{"line":63,"column":5}},"14":{"start":{"line":56,"column":32},"end":{"line":61,"column":6}},"15":{"start":{"line":62,"column":5},"end":{"line":62,"column":36}},"16":{"start":{"line":65,"column":37},"end":{"line":74,"column":6}},"17":{"start":{"line":67,"column":33},"end":{"line":72,"column":5}},"18":{"start":{"line":73,"column":7},"end":{"line":73,"column":38}},"19":{"start":{"line":76,"column":33},"end":{"line":76,"column":81}},"20":{"start":{"line":78,"column":39},"end":{"line":78,"column":90}},"21":{"start":{"line":111,"column":25},"end":{"line":120,"column":2}},"22":{"start":{"line":113,"column":3},"end":{"line":113,"column":31}},"23":{"start":{"line":114,"column":3},"end":{"line":114,"column":46}},"24":{"start":{"line":115,"column":3},"end":{"line":119,"column":4}},"25":{"start":{"line":117,"column":5},"end":{"line":117,"column":35}},"26":{"start":{"line":118,"column":4},"end":{"line":118,"column":34}},"27":{"start":{"line":126,"column":28},"end":{"line":135,"column":2}},"28":{"start":{"line":128,"column":30},"end":{"line":133,"column":4}},"29":{"start":{"line":134,"column":4},"end":{"line":134,"column":46}},"30":{"start":{"line":142,"column":21},"end":{"line":148,"column":2}},"31":{"start":{"line":144,"column":2},"end":{"line":144,"column":24}},"32":{"start":{"line":145,"column":3},"end":{"line":145,"column":24}},"33":{"start":{"line":146,"column":3},"end":{"line":146,"column":29}},"34":{"start":{"line":147,"column":3},"end":{"line":147,"column":26}},"35":{"start":{"line":152,"column":4},"end":{"line":154,"column":9}},"36":{"start":{"line":153,"column":6},"end":{"line":153,"column":32}},"37":{"start":{"line":156,"column":4},"end":{"line":193,"column":6}},"38":{"start":{"line":168,"column":31},"end":{"line":168,"column":44}},"39":{"start":{"line":171,"column":48},"end":{"line":171,"column":64}},"40":{"start":{"line":177,"column":17},"end":{"line":181,"column":20}},"41":{"start":{"line":183,"column":42},"end":{"line":183,"column":65}}},"fnMap":{"0":{"name":"(anonymous_0)","decl":{"start":{"line":16,"column":26},"end":{"line":16,"column":27}},"loc":{"start":{"line":17,"column":0},"end":{"line":194,"column":1}},"line":17},"1":{"name":"(anonymous_1)","decl":{"start":{"line":41,"column":14},"end":{"line":41,"column":15}},"loc":{"start":{"line":42,"column":4},"end":{"line":51,"column":5}},"line":42},"2":{"name":"(anonymous_2)","decl":{"start":{"line":46,"column":25},"end":{"line":46,"column":26}},"loc":{"start":{"line":46,"column":46},"end":{"line":46,"column":90}},"line":46},"3":{"name":"(anonymous_3)","decl":{"start":{"line":54,"column":33},"end":{"line":54,"column":34}},"loc":{"start":{"line":55,"column":4},"end":{"line":63,"column":5}},"line":55},"4":{"name":"(anonymous_4)","decl":{"start":{"line":65,"column":37},"end":{"line":65,"column":38}},"loc":{"start":{"line":66,"column":5},"end":{"line":74,"column":6}},"line":66},"5":{"name":"(anonymous_5)","decl":{"start":{"line":111,"column":25},"end":{"line":111,"column":26}},"loc":{"start":{"line":112,"column":1},"end":{"line":120,"column":2}},"line":112},"6":{"name":"(anonymous_6)","decl":{"start":{"line":126,"column":28},"end":{"line":126,"column":29}},"loc":{"start":{"line":127,"column":1},"end":{"line":135,"column":2}},"line":127},"7":{"name":"(anonymous_7)","decl":{"start":{"line":142,"column":21},"end":{"line":142,"column":22}},"loc":{"start":{"line":143,"column":1},"end":{"line":148,"column":2}},"line":143},"8":{"name":"(anonymous_8)","decl":{"start":{"line":152,"column":14},"end":{"line":152,"column":15}},"loc":{"start":{"line":152,"column":18},"end":{"line":154,"column":5}},"line":152},"9":{"name":"(anonymous_9)","decl":{"start":{"line":168,"column":26},"end":{"line":168,"column":27}},"loc":{"start":{"line":168,"column":31},"end":{"line":168,"column":44}},"line":168},"10":{"name":"(anonymous_10)","decl":{"start":{"line":171,"column":31},"end":{"line":171,"column":32}},"loc":{"start":{"line":171,"column":48},"end":{"line":171,"column":64}},"line":171},"11":{"name":"(anonymous_11)","decl":{"start":{"line":176,"column":29},"end":{"line":176,"column":30}},"loc":{"start":{"line":177,"column":17},"end":{"line":181,"column":20}},"line":177},"12":{"name":"(anonymous_12)","decl":{"start":{"line":183,"column":31},"end":{"line":183,"column":32}},"loc":{"start":{"line":183,"column":42},"end":{"line":183,"column":65}},"line":183}},"branchMap":{"0":{"loc":{"start":{"line":44,"column":6},"end":{"line":48,"column":7}},"type":"if","locations":[{"start":{"line":44,"column":6},"end":{"line":48,"column":7}},{"start":{},"end":{}}],"line":44},"1":{"loc":{"start":{"line":44,"column":9},"end":{"line":44,"column":88}},"type":"binary-expr","locations":[{"start":{"line":44,"column":9},"end":{"line":44,"column":47}},{"start":{"line":44,"column":51},"end":{"line":44,"column":88}}],"line":44},"2":{"loc":{"start":{"line":115,"column":3},"end":{"line":119,"column":4}},"type":"if","locations":[{"start":{"line":115,"column":3},"end":{"line":119,"column":4}},{"start":{},"end":{}}],"line":115},"3":{"loc":{"start":{"line":160,"column":9},"end":{"line":188,"column":11}},"type":"cond-expr","locations":[{"start":{"line":161,"column":9},"end":{"line":163,"column":16}},{"start":{"line":165,"column":9},"end":{"line":188,"column":11}}],"line":160}},"s":{"0":3,"1":46,"2":46,"3":45,"4":45,"5":45,"6":45,"7":45,"8":14,"9":14,"10":5,"11":5,"12":5,"13":45,"14":10,"15":10,"16":45,"17":1,"18":1,"19":45,"20":45,"21":45,"22":1,"23":1,"24":1,"25":1,"26":1,"27":45,"28":2,"29":2,"30":45,"31":1,"32":1,"33":1,"34":1,"35":45,"36":9,"37":45,"38":1,"39":302,"40":240,"41":1},"f":{"0":46,"1":14,"2":5,"3":10,"4":1,"5":1,"6":2,"7":1,"8":9,"9":1,"10":302,"11":240,"12":1},"b":{"0":[5,9],"1":[14,5],"2":[1,0],"3":[19,26]},"_coverageSchema":"1a1c01bbd47fc00a2c39e90264f33305004495a9","hash":"41c4dc935679ee394e95e8f38b5187d043dcb211"}
,"/Users/franklinakpu/Documents/react-native/RNDropBoxIntegration/src/screens/Main/index.ts": {"path":"/Users/franklinakpu/Documents/react-native/RNDropBoxIntegration/src/screens/Main/index.ts","statementMap":{},"fnMap":{},"branchMap":{},"s":{},"f":{},"b":{},"_coverageSchema":"1a1c01bbd47fc00a2c39e90264f33305004495a9","hash":"07757612b7a132075e7e7b0a47c017fb2b6798ec"}
,"/Users/franklinakpu/Documents/react-native/RNDropBoxIntegration/src/screens/Main/styles.tsx": {"path":"/Users/franklinakpu/Documents/react-native/RNDropBoxIntegration/src/screens/Main/styles.tsx","statementMap":{"0":{"start":{"line":11,"column":36},"end":{"line":31,"column":2}}},"fnMap":{},"branchMap":{},"s":{"0":3},"f":{},"b":{},"_coverageSchema":"1a1c01bbd47fc00a2c39e90264f33305004495a9","hash":"305151324c1b966ebd6006c7de83e68814ef4f26"}
,"/Users/franklinakpu/Documents/react-native/RNDropBoxIntegration/src/screens/Main/childcomponents/ImageList.tsx": {"path":"/Users/franklinakpu/Documents/react-native/RNDropBoxIntegration/src/screens/Main/childcomponents/ImageList.tsx","statementMap":{"0":{"start":{"line":7,"column":42},"end":{"line":23,"column":1}},"1":{"start":{"line":9,"column":1},"end":{"line":22,"column":3}},"2":{"start":{"line":16,"column":15},"end":{"line":16,"column":60}}},"fnMap":{"0":{"name":"(anonymous_0)","decl":{"start":{"line":7,"column":42},"end":{"line":7,"column":43}},"loc":{"start":{"line":8,"column":0},"end":{"line":23,"column":1}},"line":8},"1":{"name":"(anonymous_1)","decl":{"start":{"line":16,"column":11},"end":{"line":16,"column":12}},"loc":{"start":{"line":16,"column":15},"end":{"line":16,"column":60}},"line":16}},"branchMap":{},"s":{"0":3,"1":240,"2":2},"f":{"0":240,"1":2},"b":{},"_coverageSchema":"1a1c01bbd47fc00a2c39e90264f33305004495a9","hash":"e12d59348009996e5cb6d02e56a830036d49bc93"}
,"/Users/franklinakpu/Documents/react-native/RNDropBoxIntegration/src/theme/colors.ts": {"path":"/Users/franklinakpu/Documents/react-native/RNDropBoxIntegration/src/theme/colors.ts","statementMap":{"0":{"start":{"line":1,"column":22},"end":{"line":8,"column":2}}},"fnMap":{},"branchMap":{},"s":{"0":3},"f":{},"b":{},"_coverageSchema":"1a1c01bbd47fc00a2c39e90264f33305004495a9","hash":"00ce78952ee1958274083c163bc36e397541b4cd"}
}
